#
# A fatal error has been detected by the Java Runtime Environment:
#
#  EXCEPTION_ACCESS_VIOLATION (0xc0000005) at pc=0x00007ffe5286c4be, pid=11880, tid=1944
#
# JRE version: Java(TM) SE Runtime Environment 18.9 (11.0.12+8) (build 11.0.12+8-LTS-237)
# Java VM: Java HotSpot(TM) 64-Bit Server VM 18.9 (11.0.12+8-LTS-237, mixed mode, tiered, compressed oops, g1 gc, windows-amd64)
# Problematic frame:
# C  [native-platform-file-events.dll+0x1c4be]
#
# No core dump will be written. Minidumps are not enabled by default on client versions of Windows
#
# If you would like to submit a bug report, please visit:
#   https://bugreport.java.com/bugreport/crash.jsp
# The crash happened outside the Java Virtual Machine in native code.
# See problematic frame for where to report the bug.
#

---------------  S U M M A R Y ------------

Command Line: --add-opens=java.base/java.util=ALL-UNNAMED --add-opens=java.base/java.lang=ALL-UNNAMED --add-opens=java.base/java.lang.invoke=ALL-UNNAMED --add-opens=java.base/java.util=ALL-UNNAMED --add-opens=java.prefs/java.util.prefs=ALL-UNNAMED --add-opens=java.prefs/java.util.prefs=ALL-UNNAMED --add-opens=java.base/java.nio.charset=ALL-UNNAMED --add-opens=java.base/java.net=ALL-UNNAMED --add-opens=java.base/java.util.concurrent.atomic=ALL-UNNAMED -Xmx2048m -Dfile.encoding=UTF-8 -Duser.country=BR -Duser.language=pt -Duser.variant org.gradle.launcher.daemon.bootstrap.GradleDaemon 7.0.2

Host: Intel(R) Core(TM) i3-8100 CPU @ 3.60GHz, 4 cores, 7G,  Windows 10 , 64 bit Build 19041 (10.0.19041.1889)
Time: Wed Oct  5 07:22:16 2022 Hora oficial do Brasil elapsed time: 282.065763 seconds (0d 0h 4m 42s)

---------------  T H R E A D  ---------------

Current thread (0x0000024c49d39800):  JavaThread "File watcher server" daemon [_thread_in_native, id=1944, stack(0x00000071e8200000,0x00000071e8300000)]

Stack: [0x00000071e8200000,0x00000071e8300000],  sp=0x00000071e82fe4a0,  free space=1017k
Native frames: (J=compiled Java code, j=interpreted, Vv=VM code, C=native code)
C  [native-platform-file-events.dll+0x1c4be]

Java frames: (J=compiled Java code, j=interpreted, Vv=VM code)
j  net.rubygrapefruit.platform.internal.jni.AbstractFileEventFunctions$NativeFileWatcher.executeRunLoop0(Ljava/lang/Object;)V+0
j  net.rubygrapefruit.platform.internal.jni.AbstractFileEventFunctions$NativeFileWatcher.access$100(Lnet/rubygrapefruit/platform/internal/jni/AbstractFileEventFunctions$NativeFileWatcher;Ljava/lang/Object;)V+2
j  net.rubygrapefruit.platform.internal.jni.AbstractFileEventFunctions$NativeFileWatcher$1.run()V+26
v  ~StubRoutines::call_stub

siginfo: EXCEPTION_ACCESS_VIOLATION (0xc0000005), reading address 0xffffffffffffffff


Register to memory mapping:

RIP=0x00007ffe5286c4be native-platform-file-events.dll
RAX=0x2473636974736974 is an unknown value
RBX=0x0000000000000001 is an unknown value
RCX=0x2473636974736974 is an unknown value
RDX=0x00000071e82fe4f8 is pointing into the stack for thread: 0x0000024c49d39800
RSP=0x00000071e82fe4a0 is pointing into the stack for thread: 0x0000024c49d39800
RBP=0x00000071e82fee98 is pointing into the stack for thread: 0x0000024c49d39800
RSI=0x0 is NULL
RDI=
[error occurred during error reporting (printing register info), id 0xc0000005, EXCEPTION_ACCESS_VIOLATION (0xc0000005) at pc=0x00007ffe3e5f7166]

Registers:
RAX=0x2473636974736974, RBX=0x0000000000000001, RCX=0x2473636974736974, RDX=0x00000071e82fe4f8
RSP=0x00000071e82fe4a0, RBP=0x00000071e82fee98, RSI=0x0000000000000000, RDI=0x00000000ffffffff
R8 =0x00000071e82fe500, R9 =0x000000007ffe2000, R10=0x00000000546c6148, R11=0x00000041f6da8ca9
R12=0x0000000000000000, R13=0x0000024c4beec010, R14=0x00000071e82feec0, R15=0x0000024c49d39800
RIP=0x00007ffe5286c4be, EFLAGS=0x0000000000010202

Top of Stack: (sp=0x00000071e82fe4a0)
0x00000071e82fe4a0:   00002831ec97e12c 00002831ca7f0098
0x00000071e82fe4b0:   00002831ec97e12c 00007ffe52887be5
0x00000071e82fe4c0:   00000071e82fe578 00000071e82fe4f8
0x00000071e82fe4d0:   0000007100000000 00000071e82fe508
0x00000071e82fe4e0:   00000071e82f0001 00000066e634b803
0x00000071e82fe4f0:   00000071e82fe500 000000000000023c
0x00000071e82fe500:   00002831ca7f0098 00002831ec97e12c
0x00000071e82fe510:   00000071e82feec0 00007ffe52887777
0x00000071e82fe520:   00000071e82fe578 00000071e82fe570
0x00000071e82fe530:   0000024c47c837b0 00007ffe83fff05b
0x00000071e82fe540:   0000000000000000 00007ffe52878bee
0x00000071e82fe550:   00002831ec97e12c 000000000000023c
0x00000071e82fe560:   00000071e7afbe30 00007ffe738b1597
0x00000071e82fe570:   000055611b9201ab 000000000000023c
0x00000071e82fe580:   00007ffe52855678 00007ffe5286c6ec
0x00000071e82fe590:   2473636974736974 0000007100000003 

Instructions: (pc=0x00007ffe5286c4be)
0x00007ffe5286c49e:   05 a5 7d 10 00 48 33 c4 48 89 84 24 d0 00 00 00
0x00007ffe5286c4ae:   c7 44 24 30 00 00 00 00 48 8b 84 24 f0 00 00 00
0x00007ffe5286c4be:   83 78 68 03 0f 84 02 01 00 00 48 8b 84 24 f0 00
0x00007ffe5286c4ce:   00 00 48 8b 48 28 ff 15 36 ab 11 00 89 44 24 38 


Stack slot to memory mapping:
stack at sp + 0 slots: 0x00002831ec97e12c is an unknown value
stack at sp + 1 slots: 0x00002831ca7f0098 is an unknown value
stack at sp + 2 slots: 0x00002831ec97e12c is an unknown value
stack at sp + 3 slots: 0x00007ffe52887be5 native-platform-file-events.dll
stack at sp + 4 slots: 0x00000071e82fe578 is pointing into the stack for thread: 0x0000024c49d39800
stack at sp + 5 slots: 0x00000071e82fe4f8 is pointing into the stack for thread: 0x0000024c49d39800
stack at sp + 6 slots: 0x0000007100000000 is an unknown value
stack at sp + 7 slots: 0x00000071e82fe508 is pointing into the stack for thread: 0x0000024c49d39800


---------------  P R O C E S S  ---------------

Threads class SMR info:
_java_thread_list=0x0000024c4d75a880, length=41, elements={
0x0000024c27a97800, 0x0000024c467ca000, 0x0000024c467ca800, 0x0000024c467e3800,
0x0000024c467e4800, 0x0000024c467e5800, 0x0000024c467e8800, 0x0000024c467ed800,
0x0000024c471d0000, 0x0000024c472c9000, 0x0000024c49d9b800, 0x0000024c489e9800,
0x0000024c49892000, 0x0000024c487d3000, 0x0000024c486cf000, 0x0000024c49dbe800,
0x0000024c48c85800, 0x0000024c48a12000, 0x0000024c484dc000, 0x0000024c49d3a000,
0x0000024c49d3b000, 0x0000024c49d3e800, 0x0000024c49d39800, 0x0000024c49d3c800,
0x0000024c49ba2800, 0x0000024c49b9f000, 0x0000024c49ba0800, 0x0000024c49ba3000,
0x0000024c49ba0000, 0x0000024c49ba4000, 0x0000024c49ba8000, 0x0000024c49ba9000,
0x0000024c49baa800, 0x0000024c49ba7000, 0x0000024c49bab800, 0x0000024c5008c800,
0x0000024c5008b800, 0x0000024c5008f000, 0x0000024c50093800, 0x0000024c50092000,
0x0000024c50091800
}

Java Threads: ( => current thread )
  0x0000024c27a97800 JavaThread "main" [_thread_blocked, id=6920, stack(0x00000071e6000000,0x00000071e6100000)]
  0x0000024c467ca000 JavaThread "Reference Handler" daemon [_thread_blocked, id=4720, stack(0x00000071e6700000,0x00000071e6800000)]
  0x0000024c467ca800 JavaThread "Finalizer" daemon [_thread_blocked, id=9232, stack(0x00000071e6800000,0x00000071e6900000)]
  0x0000024c467e3800 JavaThread "Signal Dispatcher" daemon [_thread_blocked, id=10464, stack(0x00000071e6900000,0x00000071e6a00000)]
  0x0000024c467e4800 JavaThread "Attach Listener" daemon [_thread_blocked, id=11324, stack(0x00000071e6a00000,0x00000071e6b00000)]
  0x0000024c467e5800 JavaThread "Service Thread" daemon [_thread_blocked, id=10244, stack(0x00000071e6b00000,0x00000071e6c00000)]
  0x0000024c467e8800 JavaThread "C2 CompilerThread0" daemon [_thread_blocked, id=7708, stack(0x00000071e6c00000,0x00000071e6d00000)]
  0x0000024c467ed800 JavaThread "C1 CompilerThread0" daemon [_thread_blocked, id=8416, stack(0x00000071e6d00000,0x00000071e6e00000)]
  0x0000024c471d0000 JavaThread "Sweeper thread" daemon [_thread_blocked, id=12248, stack(0x00000071e6e00000,0x00000071e6f00000)]
  0x0000024c472c9000 JavaThread "Common-Cleaner" daemon [_thread_blocked, id=7796, stack(0x00000071e6f00000,0x00000071e7000000)]
  0x0000024c49d9b800 JavaThread "Daemon health stats" [_thread_blocked, id=3216, stack(0x00000071e7400000,0x00000071e7500000)]
  0x0000024c489e9800 JavaThread "Incoming local TCP Connector on port 54934" [_thread_in_native, id=6188, stack(0x00000071e7300000,0x00000071e7400000)]
  0x0000024c49892000 JavaThread "Daemon periodic checks" [_thread_blocked, id=10476, stack(0x00000071e7500000,0x00000071e7600000)]
  0x0000024c487d3000 JavaThread "Daemon" [_thread_blocked, id=1744, stack(0x00000071e7600000,0x00000071e7700000)]
  0x0000024c486cf000 JavaThread "Handler for socket connection from /127.0.0.1:54934 to /127.0.0.1:54936" [_thread_in_native, id=11096, stack(0x00000071e7700000,0x00000071e7800000)]
  0x0000024c49dbe800 JavaThread "Cancel handler" [_thread_blocked, id=6684, stack(0x00000071e7900000,0x00000071e7a00000)]
  0x0000024c48c85800 JavaThread "Daemon worker" [_thread_in_native, id=11776, stack(0x00000071e7a00000,0x00000071e7b00000)]
  0x0000024c48a12000 JavaThread "Asynchronous log dispatcher for DefaultDaemonConnection: socket connection from /127.0.0.1:54934 to /127.0.0.1:54936" [_thread_blocked, id=8724, stack(0x00000071e7b00000,0x00000071e7c00000)]
  0x0000024c484dc000 JavaThread "Daemon client event forwarder" [_thread_blocked, id=7964, stack(0x00000071e7d00000,0x00000071e7e00000)]
  0x0000024c49d3a000 JavaThread "Cache worker for file hash cache (D:\AndroidWorkFolder\.gradle\caches\7.0.2\fileHashes)" [_thread_blocked, id=816, stack(0x00000071e7e00000,0x00000071e7f00000)]
  0x0000024c49d3b000 JavaThread "File lock request listener" [_thread_in_native, id=2056, stack(0x00000071e7f00000,0x00000071e8000000)]
  0x0000024c49d3e800 JavaThread "Cache worker for journal cache (D:\AndroidWorkFolder\.gradle\caches\journal-1)" [_thread_blocked, id=8876, stack(0x00000071e8000000,0x00000071e8100000)]
=>0x0000024c49d39800 JavaThread "File watcher server" daemon [_thread_in_native, id=1944, stack(0x00000071e8200000,0x00000071e8300000)]
  0x0000024c49d3c800 JavaThread "File watcher consumer" daemon [_thread_blocked, id=3232, stack(0x00000071e8300000,0x00000071e8400000)]
  0x0000024c49ba2800 JavaThread "Cache worker for execution history cache (D:\AndroidWorkFolder\.gradle\caches\7.0.2\executionHistory)" [_thread_blocked, id=3980, stack(0x00000071e8700000,0x00000071e8800000)]
  0x0000024c49b9f000 JavaThread "jar transforms" [_thread_blocked, id=6448, stack(0x00000071e8800000,0x00000071e8900000)]
  0x0000024c49ba0800 JavaThread "jar transforms Thread 2" [_thread_blocked, id=292, stack(0x00000071e8b00000,0x00000071e8c00000)]
  0x0000024c49ba3000 JavaThread "Cache worker for file content cache (D:\AndroidWorkFolder\.gradle\caches\7.0.2\fileContent)" [_thread_blocked, id=2428, stack(0x00000071e8c00000,0x00000071e8d00000)]
  0x0000024c49ba0000 JavaThread "jar transforms Thread 3" [_thread_blocked, id=6488, stack(0x00000071e8e00000,0x00000071e8f00000)]
  0x0000024c49ba4000 JavaThread "Build operations" [_thread_blocked, id=6780, stack(0x00000071e5d00000,0x00000071e5e00000)]
  0x0000024c49ba8000 JavaThread "Build operations Thread 2" [_thread_blocked, id=1924, stack(0x00000071e5e00000,0x00000071e5f00000)]
  0x0000024c49ba9000 JavaThread "Build operations Thread 3" [_thread_blocked, id=7372, stack(0x00000071e5f00000,0x00000071e6000000)]
  0x0000024c49baa800 JavaThread "Build operations Thread 4" [_thread_blocked, id=9220, stack(0x00000071e9000000,0x00000071e9100000)]
  0x0000024c49ba7000 JavaThread "jar transforms Thread 4" [_thread_blocked, id=7396, stack(0x00000071e9100000,0x00000071e9200000)]
  0x0000024c49bab800 JavaThread "Memory manager" [_thread_blocked, id=11756, stack(0x00000071e7c00000,0x00000071e7d00000)]
  0x0000024c5008c800 JavaThread "WorkerExecutor Queue" [_thread_blocked, id=10388, stack(0x00000071e9700000,0x00000071e9800000)]
  0x0000024c5008b800 JavaThread "WorkerExecutor Queue Thread 2" [_thread_blocked, id=10016, stack(0x00000071e9800000,0x00000071e9900000)]
  0x0000024c5008f000 JavaThread "WorkerExecutor Queue Thread 3" [_thread_blocked, id=2204, stack(0x00000071e9b00000,0x00000071e9c00000)]
  0x0000024c50093800 JavaThread "ForkJoinPool.commonPool-worker-3" daemon [_thread_blocked, id=8664, stack(0x00000071e9c00000,0x00000071e9d00000)]
  0x0000024c50092000 JavaThread "ForkJoinPool.commonPool-worker-5" daemon [_thread_blocked, id=4392, stack(0x00000071e9d00000,0x00000071e9e00000)]
  0x0000024c50091800 JavaThread "ForkJoinPool.commonPool-worker-7" daemon [_thread_blocked, id=11764, stack(0x00000071e9e00000,0x00000071e9f00000)]

Other Threads:
  0x0000024c467c3800 VMThread "VM Thread" [stack: 0x00000071e6600000,0x00000071e6700000] [id=8648]
  0x0000024c472d3000 WatcherThread [stack: 0x00000071e7000000,0x00000071e7100000] [id=1956]
  0x0000024c27ab0800 GCTaskThread "GC Thread#0" [stack: 0x00000071e6100000,0x00000071e6200000] [id=11060]
  0x0000024c47413000 GCTaskThread "GC Thread#1" [stack: 0x00000071e7100000,0x00000071e7200000] [id=9476]
  0x0000024c47a60800 GCTaskThread "GC Thread#2" [stack: 0x00000071e7200000,0x00000071e7300000] [id=10280]
  0x0000024c4a8be800 GCTaskThread "GC Thread#3" [stack: 0x00000071e7800000,0x00000071e7900000] [id=10048]
  0x0000024c27ae0000 ConcurrentGCThread "G1 Main Marker" [stack: 0x00000071e6200000,0x00000071e6300000] [id=9004]
  0x0000024c27ae1800 ConcurrentGCThread "G1 Conc#0" [stack: 0x00000071e6300000,0x00000071e6400000] [id=11164]
  0x0000024c27b72000 ConcurrentGCThread "G1 Refine#0" [stack: 0x00000071e6400000,0x00000071e6500000] [id=768]
  0x0000024c4da7c000 ConcurrentGCThread "G1 Refine#1" [stack: 0x00000071e9600000,0x00000071e9700000] [id=8108]
  0x0000024c27b73000 ConcurrentGCThread "G1 Young RemSet Sampling" [stack: 0x00000071e6500000,0x00000071e6600000] [id=9284]

Threads with active compile tasks:

VM state:not at safepoint (normal execution)

VM Mutex/Monitor currently owned by a thread: None

Heap address: 0x0000000080000000, size: 2048 MB, Compressed Oops mode: 32-bit
Narrow klass base: 0x0000000000000000, Narrow klass shift: 3
Compressed class space size: 1073741824 Address: 0x0000000100000000

Heap:
 garbage-first heap   total 129024K, used 95405K [0x0000000080000000, 0x0000000100000000)
  region size 1024K, 7 young (7168K), 1 survivors (1024K)
 Metaspace       used 91146K, capacity 93480K, committed 93564K, reserved 1130496K
  class space    used 11651K, capacity 12536K, committed 12544K, reserved 1048576K
Heap Regions: E=young(eden), S=young(survivor), O=old, HS=humongous(starts), HC=humongous(continues), CS=collection set, F=free, A=archive, TAMS=top-at-mark-start (previous, next)
|   0|0x0000000080000000, 0x0000000080100000, 0x0000000080100000|100%| O|  |TAMS 0x0000000080100000, 0x0000000080000000| Untracked 
|   1|0x0000000080100000, 0x0000000080200000, 0x0000000080200000|100%| O|  |TAMS 0x0000000080200000, 0x0000000080100000| Untracked 
|   2|0x0000000080200000, 0x0000000080300000, 0x0000000080300000|100%| O|  |TAMS 0x0000000080300000, 0x0000000080200000| Untracked 
|   3|0x0000000080300000, 0x0000000080400000, 0x0000000080400000|100%|HS|  |TAMS 0x0000000080400000, 0x0000000080300000| Complete 
|   4|0x0000000080400000, 0x0000000080500000, 0x0000000080500000|100%|HC|  |TAMS 0x0000000080500000, 0x0000000080400000| Complete 
|   5|0x0000000080500000, 0x0000000080600000, 0x0000000080600000|100%|HC|  |TAMS 0x0000000080600000, 0x0000000080500000| Complete 
|   6|0x0000000080600000, 0x0000000080700000, 0x0000000080700000|100%| O|  |TAMS 0x0000000080700000, 0x0000000080600000| Untracked 
|   7|0x0000000080700000, 0x0000000080800000, 0x0000000080800000|100%| O|  |TAMS 0x0000000080800000, 0x0000000080700000| Untracked 
|   8|0x0000000080800000, 0x0000000080900000, 0x0000000080900000|100%| O|  |TAMS 0x0000000080900000, 0x0000000080800000| Untracked 
|   9|0x0000000080900000, 0x0000000080a00000, 0x0000000080a00000|100%| O|  |TAMS 0x0000000080a00000, 0x0000000080900000| Untracked 
|  10|0x0000000080a00000, 0x0000000080b00000, 0x0000000080b00000|100%| O|  |TAMS 0x0000000080b00000, 0x0000000080a00000| Untracked 
|  11|0x0000000080b00000, 0x0000000080c00000, 0x0000000080c00000|100%| O|  |TAMS 0x0000000080c00000, 0x0000000080b00000| Untracked 
|  12|0x0000000080c00000, 0x0000000080d00000, 0x0000000080d00000|100%| O|  |TAMS 0x0000000080d00000, 0x0000000080c00000| Untracked 
|  13|0x0000000080d00000, 0x0000000080e00000, 0x0000000080e00000|100%| O|  |TAMS 0x0000000080e00000, 0x0000000080d00000| Untracked 
|  14|0x0000000080e00000, 0x0000000080f00000, 0x0000000080f00000|100%| O|  |TAMS 0x0000000080f00000, 0x0000000080e00000| Untracked 
|  15|0x0000000080f00000, 0x0000000081000000, 0x0000000081000000|100%| O|  |TAMS 0x0000000081000000, 0x0000000080f00000| Untracked 
|  16|0x0000000081000000, 0x0000000081100000, 0x0000000081100000|100%|HS|  |TAMS 0x0000000081100000, 0x0000000081000000| Complete 
|  17|0x0000000081100000, 0x0000000081200000, 0x0000000081200000|100%| O|  |TAMS 0x0000000081200000, 0x0000000081100000| Untracked 
|  18|0x0000000081200000, 0x0000000081300000, 0x0000000081300000|100%| O|  |TAMS 0x0000000081300000, 0x0000000081200000| Untracked 
|  19|0x0000000081300000, 0x0000000081400000, 0x0000000081400000|100%| O|  |TAMS 0x0000000081400000, 0x0000000081300000| Untracked 
|  20|0x0000000081400000, 0x0000000081500000, 0x0000000081500000|100%| O|  |TAMS 0x0000000081500000, 0x0000000081400000| Untracked 
|  21|0x0000000081500000, 0x0000000081600000, 0x0000000081600000|100%| O|  |TAMS 0x0000000081600000, 0x0000000081500000| Untracked 
|  22|0x0000000081600000, 0x0000000081700000, 0x0000000081700000|100%| O|  |TAMS 0x0000000081700000, 0x0000000081600000| Untracked 
|  23|0x0000000081700000, 0x0000000081800000, 0x0000000081800000|100%| O|  |TAMS 0x0000000081800000, 0x0000000081700000| Untracked 
|  24|0x0000000081800000, 0x0000000081900000, 0x0000000081900000|100%| O|  |TAMS 0x0000000081900000, 0x0000000081800000| Untracked 
|  25|0x0000000081900000, 0x0000000081a00000, 0x0000000081a00000|100%| O|  |TAMS 0x0000000081a00000, 0x0000000081900000| Untracked 
|  26|0x0000000081a00000, 0x0000000081b00000, 0x0000000081b00000|100%| O|  |TAMS 0x0000000081b00000, 0x0000000081a00000| Untracked 
|  27|0x0000000081b00000, 0x0000000081c00000, 0x0000000081c00000|100%| O|  |TAMS 0x0000000081c00000, 0x0000000081b00000| Untracked 
|  28|0x0000000081c00000, 0x0000000081d00000, 0x0000000081d00000|100%|HS|  |TAMS 0x0000000081d00000, 0x0000000081c00000| Complete 
|  29|0x0000000081d00000, 0x0000000081e00000, 0x0000000081e00000|100%|HS|  |TAMS 0x0000000081e00000, 0x0000000081d00000| Complete 
|  30|0x0000000081e00000, 0x0000000081f00000, 0x0000000081f00000|100%|HC|  |TAMS 0x0000000081f00000, 0x0000000081e00000| Complete 
|  31|0x0000000081f00000, 0x0000000081f00000, 0x0000000082000000|  0%| F|  |TAMS 0x0000000081f00000, 0x0000000081f00000| Untracked 
|  32|0x0000000082000000, 0x0000000082100000, 0x0000000082100000|100%| O|  |TAMS 0x0000000082100000, 0x0000000082000000| Untracked 
|  33|0x0000000082100000, 0x0000000082200000, 0x0000000082200000|100%| O|  |TAMS 0x0000000082200000, 0x0000000082100000| Untracked 
|  34|0x0000000082200000, 0x0000000082300000, 0x0000000082300000|100%| O|  |TAMS 0x0000000082300000, 0x0000000082200000| Untracked 
|  35|0x0000000082300000, 0x0000000082400000, 0x0000000082400000|100%| O|  |TAMS 0x0000000082400000, 0x0000000082300000| Untracked 
|  36|0x0000000082400000, 0x0000000082500000, 0x0000000082500000|100%| O|  |TAMS 0x0000000082500000, 0x0000000082400000| Untracked 
|  37|0x0000000082500000, 0x0000000082600000, 0x0000000082600000|100%| O|  |TAMS 0x0000000082600000, 0x0000000082500000| Untracked 
|  38|0x0000000082600000, 0x0000000082700000, 0x0000000082700000|100%| O|  |TAMS 0x0000000082700000, 0x0000000082600000| Untracked 
|  39|0x0000000082700000, 0x0000000082800000, 0x0000000082800000|100%| O|  |TAMS 0x0000000082800000, 0x0000000082700000| Untracked 
|  40|0x0000000082800000, 0x0000000082900000, 0x0000000082900000|100%| O|  |TAMS 0x0000000082900000, 0x0000000082800000| Untracked 
|  41|0x0000000082900000, 0x0000000082a00000, 0x0000000082a00000|100%| O|  |TAMS 0x0000000082a00000, 0x0000000082900000| Untracked 
|  42|0x0000000082a00000, 0x0000000082b00000, 0x0000000082b00000|100%| O|  |TAMS 0x0000000082b00000, 0x0000000082a00000| Untracked 
|  43|0x0000000082b00000, 0x0000000082c00000, 0x0000000082c00000|100%| O|  |TAMS 0x0000000082c00000, 0x0000000082b00000| Untracked 
|  44|0x0000000082c00000, 0x0000000082d00000, 0x0000000082d00000|100%| O|  |TAMS 0x0000000082d00000, 0x0000000082c00000| Untracked 
|  45|0x0000000082d00000, 0x0000000082e00000, 0x0000000082e00000|100%| O|  |TAMS 0x0000000082e00000, 0x0000000082d00000| Untracked 
|  46|0x0000000082e00000, 0x0000000082f00000, 0x0000000082f00000|100%| O|  |TAMS 0x0000000082f00000, 0x0000000082e00000| Untracked 
|  47|0x0000000082f00000, 0x0000000083000000, 0x0000000083000000|100%| O|  |TAMS 0x0000000083000000, 0x0000000082f00000| Untracked 
|  48|0x0000000083000000, 0x0000000083100000, 0x0000000083100000|100%| O|  |TAMS 0x0000000083100000, 0x0000000083000000| Untracked 
|  49|0x0000000083100000, 0x0000000083200000, 0x0000000083200000|100%| O|  |TAMS 0x0000000083200000, 0x0000000083100000| Untracked 
|  50|0x0000000083200000, 0x0000000083300000, 0x0000000083300000|100%| O|  |TAMS 0x0000000083300000, 0x0000000083200000| Untracked 
|  51|0x0000000083300000, 0x0000000083400000, 0x0000000083400000|100%| O|  |TAMS 0x0000000083400000, 0x0000000083300000| Untracked 
|  52|0x0000000083400000, 0x0000000083500000, 0x0000000083500000|100%| O|  |TAMS 0x0000000083500000, 0x0000000083400000| Untracked 
|  53|0x0000000083500000, 0x0000000083600000, 0x0000000083600000|100%| O|  |TAMS 0x0000000083600000, 0x0000000083500000| Untracked 
|  54|0x0000000083600000, 0x0000000083700000, 0x0000000083700000|100%| O|  |TAMS 0x0000000083700000, 0x0000000083600000| Untracked 
|  55|0x0000000083700000, 0x0000000083800000, 0x0000000083800000|100%| O|  |TAMS 0x0000000083800000, 0x0000000083700000| Untracked 
|  56|0x0000000083800000, 0x0000000083900000, 0x0000000083900000|100%| O|  |TAMS 0x0000000083900000, 0x0000000083800000| Untracked 
|  57|0x0000000083900000, 0x0000000083a00000, 0x0000000083a00000|100%| O|  |TAMS 0x0000000083a00000, 0x0000000083900000| Untracked 
|  58|0x0000000083a00000, 0x0000000083b00000, 0x0000000083b00000|100%| O|  |TAMS 0x0000000083b00000, 0x0000000083a00000| Untracked 
|  59|0x0000000083b00000, 0x0000000083c00000, 0x0000000083c00000|100%| O|  |TAMS 0x0000000083c00000, 0x0000000083b00000| Untracked 
|  60|0x0000000083c00000, 0x0000000083d00000, 0x0000000083d00000|100%| O|  |TAMS 0x0000000083d00000, 0x0000000083c00000| Untracked 
|  61|0x0000000083d00000, 0x0000000083e00000, 0x0000000083e00000|100%| O|  |TAMS 0x0000000083e00000, 0x0000000083d00000| Untracked 
|  62|0x0000000083e00000, 0x0000000083f00000, 0x0000000083f00000|100%| O|  |TAMS 0x0000000083f00000, 0x0000000083e00000| Untracked 
|  63|0x0000000083f00000, 0x0000000084000000, 0x0000000084000000|100%| O|  |TAMS 0x0000000084000000, 0x0000000083f00000| Untracked 
|  64|0x0000000084000000, 0x0000000084100000, 0x0000000084100000|100%| O|  |TAMS 0x0000000084100000, 0x0000000084000000| Untracked 
|  65|0x0000000084100000, 0x0000000084200000, 0x0000000084200000|100%| O|  |TAMS 0x0000000084200000, 0x0000000084100000| Untracked 
|  66|0x0000000084200000, 0x0000000084300000, 0x0000000084300000|100%| O|  |TAMS 0x0000000084300000, 0x0000000084200000| Untracked 
|  67|0x0000000084300000, 0x0000000084400000, 0x0000000084400000|100%| O|  |TAMS 0x0000000084400000, 0x0000000084300000| Untracked 
|  68|0x0000000084400000, 0x0000000084500000, 0x0000000084500000|100%| O|  |TAMS 0x0000000084500000, 0x0000000084400000| Untracked 
|  69|0x0000000084500000, 0x0000000084600000, 0x0000000084600000|100%| O|  |TAMS 0x0000000084600000, 0x0000000084500000| Untracked 
|  70|0x0000000084600000, 0x0000000084700000, 0x0000000084700000|100%| O|  |TAMS 0x0000000084700000, 0x0000000084600000| Untracked 
|  71|0x0000000084700000, 0x0000000084800000, 0x0000000084800000|100%| O|  |TAMS 0x0000000084800000, 0x0000000084700000| Untracked 
|  72|0x0000000084800000, 0x0000000084900000, 0x0000000084900000|100%| O|  |TAMS 0x0000000084900000, 0x0000000084800000| Untracked 
|  73|0x0000000084900000, 0x0000000084a00000, 0x0000000084a00000|100%| O|  |TAMS 0x0000000084a00000, 0x0000000084900000| Untracked 
|  74|0x0000000084a00000, 0x0000000084b00000, 0x0000000084b00000|100%| O|  |TAMS 0x0000000084b00000, 0x0000000084a00000| Untracked 
|  75|0x0000000084b00000, 0x0000000084c00000, 0x0000000084c00000|100%| O|  |TAMS 0x0000000084bdb400, 0x0000000084b00000| Untracked 
|  76|0x0000000084c00000, 0x0000000084d00000, 0x0000000084d00000|100%| O|  |TAMS 0x0000000084c00000, 0x0000000084c00000| Untracked 
|  77|0x0000000084d00000, 0x0000000084dc0800, 0x0000000084e00000| 75%| O|  |TAMS 0x0000000084d00000, 0x0000000084d00000| Untracked 
|  78|0x0000000084e00000, 0x0000000084f00000, 0x0000000084f00000|100%| O|  |TAMS 0x0000000084f00000, 0x0000000084e00000| Untracked 
|  79|0x0000000084f00000, 0x0000000085000000, 0x0000000085000000|100%|HS|  |TAMS 0x0000000084f00000, 0x0000000084f00000| Complete 
|  80|0x0000000085000000, 0x0000000085100000, 0x0000000085100000|100%|HC|  |TAMS 0x0000000085000000, 0x0000000085000000| Complete 
|  81|0x0000000085100000, 0x0000000085200000, 0x0000000085200000|100%|HS|  |TAMS 0x0000000085100000, 0x0000000085100000| Complete 
|  82|0x0000000085200000, 0x0000000085300000, 0x0000000085300000|100%|HC|  |TAMS 0x0000000085200000, 0x0000000085200000| Complete 
|  83|0x0000000085300000, 0x0000000085300000, 0x0000000085400000|  0%| F|  |TAMS 0x0000000085300000, 0x0000000085300000| Untracked 
|  84|0x0000000085400000, 0x0000000085500000, 0x0000000085500000|100%| O|  |TAMS 0x0000000085500000, 0x0000000085400000| Untracked 
|  85|0x0000000085500000, 0x0000000085600000, 0x0000000085600000|100%|HS|  |TAMS 0x0000000085500000, 0x0000000085500000| Complete 
|  86|0x0000000085600000, 0x0000000085700000, 0x0000000085700000|100%|HC|  |TAMS 0x0000000085600000, 0x0000000085600000| Complete 
|  87|0x0000000085700000, 0x0000000085800000, 0x0000000085800000|100%|HS|  |TAMS 0x0000000085700000, 0x0000000085700000| Complete 
|  88|0x0000000085800000, 0x0000000085900000, 0x0000000085900000|100%|HC|  |TAMS 0x0000000085800000, 0x0000000085800000| Complete 
|  89|0x0000000085900000, 0x0000000085a00000, 0x0000000085a00000|100%| O|  |TAMS 0x0000000085a00000, 0x0000000085900000| Untracked 
|  90|0x0000000085a00000, 0x0000000085a00000, 0x0000000085b00000|  0%| F|  |TAMS 0x0000000085a00000, 0x0000000085a00000| Untracked 
|  91|0x0000000085b00000, 0x0000000085b00000, 0x0000000085c00000|  0%| F|  |TAMS 0x0000000085b00000, 0x0000000085b00000| Untracked 
|  92|0x0000000085c00000, 0x0000000085c00000, 0x0000000085d00000|  0%| F|  |TAMS 0x0000000085c00000, 0x0000000085c00000| Untracked 
|  93|0x0000000085d00000, 0x0000000085d00000, 0x0000000085e00000|  0%| F|  |TAMS 0x0000000085d00000, 0x0000000085d00000| Untracked 
|  94|0x0000000085e00000, 0x0000000085e00000, 0x0000000085f00000|  0%| F|  |TAMS 0x0000000085e00000, 0x0000000085e00000| Untracked 
|  95|0x0000000085f00000, 0x0000000085f00000, 0x0000000086000000|  0%| F|  |TAMS 0x0000000085f00000, 0x0000000085f00000| Untracked 
|  96|0x0000000086000000, 0x0000000086000000, 0x0000000086100000|  0%| F|  |TAMS 0x0000000086000000, 0x0000000086000000| Untracked 
|  97|0x0000000086100000, 0x0000000086100000, 0x0000000086200000|  0%| F|  |TAMS 0x0000000086100000, 0x0000000086100000| Untracked 
|  98|0x0000000086200000, 0x0000000086200000, 0x0000000086300000|  0%| F|  |TAMS 0x0000000086200000, 0x0000000086200000| Untracked 
|  99|0x0000000086300000, 0x0000000086300000, 0x0000000086400000|  0%| F|  |TAMS 0x0000000086300000, 0x0000000086300000| Untracked 
| 100|0x0000000086400000, 0x0000000086400000, 0x0000000086500000|  0%| F|  |TAMS 0x0000000086400000, 0x0000000086400000| Untracked 
| 101|0x0000000086500000, 0x0000000086500000, 0x0000000086600000|  0%| F|  |TAMS 0x0000000086500000, 0x0000000086500000| Untracked 
| 102|0x0000000086600000, 0x0000000086600000, 0x0000000086700000|  0%| F|  |TAMS 0x0000000086600000, 0x0000000086600000| Untracked 
| 103|0x0000000086700000, 0x0000000086700000, 0x0000000086800000|  0%| F|  |TAMS 0x0000000086700000, 0x0000000086700000| Untracked 
| 104|0x0000000086800000, 0x0000000086800000, 0x0000000086900000|  0%| F|  |TAMS 0x0000000086800000, 0x0000000086800000| Untracked 
| 105|0x0000000086900000, 0x0000000086900000, 0x0000000086a00000|  0%| F|  |TAMS 0x0000000086900000, 0x0000000086900000| Untracked 
| 106|0x0000000086a00000, 0x0000000086a00000, 0x0000000086b00000|  0%| F|  |TAMS 0x0000000086a00000, 0x0000000086a00000| Untracked 
| 107|0x0000000086b00000, 0x0000000086b00000, 0x0000000086c00000|  0%| F|  |TAMS 0x0000000086b00000, 0x0000000086b00000| Untracked 
| 108|0x0000000086c00000, 0x0000000086c00000, 0x0000000086d00000|  0%| F|  |TAMS 0x0000000086c00000, 0x0000000086c00000| Untracked 
| 109|0x0000000086d00000, 0x0000000086d00000, 0x0000000086e00000|  0%| F|  |TAMS 0x0000000086d00000, 0x0000000086d00000| Untracked 
| 110|0x0000000086e00000, 0x0000000086e00000, 0x0000000086f00000|  0%| F|  |TAMS 0x0000000086e00000, 0x0000000086e00000| Untracked 
| 111|0x0000000086f00000, 0x0000000086f00000, 0x0000000087000000|  0%| F|  |TAMS 0x0000000086f00000, 0x0000000086f00000| Untracked 
| 112|0x0000000087000000, 0x0000000087000000, 0x0000000087100000|  0%| F|  |TAMS 0x0000000087000000, 0x0000000087000000| Untracked 
| 113|0x0000000087100000, 0x0000000087100000, 0x0000000087200000|  0%| F|  |TAMS 0x0000000087100000, 0x0000000087100000| Untracked 
| 114|0x0000000087200000, 0x0000000087200000, 0x0000000087300000|  0%| F|  |TAMS 0x0000000087200000, 0x0000000087200000| Untracked 
| 115|0x0000000087300000, 0x0000000087300000, 0x0000000087400000|  0%| F|  |TAMS 0x0000000087300000, 0x0000000087300000| Untracked 
| 116|0x0000000087400000, 0x0000000087400000, 0x0000000087500000|  0%| F|  |TAMS 0x0000000087400000, 0x0000000087400000| Untracked 
| 117|0x0000000087500000, 0x0000000087500000, 0x0000000087600000|  0%| F|  |TAMS 0x0000000087500000, 0x0000000087500000| Untracked 
| 118|0x0000000087600000, 0x0000000087600000, 0x0000000087700000|  0%| F|  |TAMS 0x0000000087600000, 0x0000000087600000| Untracked 
| 119|0x0000000087700000, 0x000000008776e988, 0x0000000087800000| 43%| E|  |TAMS 0x0000000087700000, 0x0000000087700000| Complete 
| 120|0x0000000087800000, 0x0000000087900000, 0x0000000087900000|100%| E|CS|TAMS 0x0000000087800000, 0x0000000087800000| Complete 
| 121|0x0000000087900000, 0x000000008796ae40, 0x0000000087a00000| 41%| S|CS|TAMS 0x0000000087900000, 0x0000000087900000| Complete 
| 122|0x0000000087a00000, 0x0000000087b00000, 0x0000000087b00000|100%| E|CS|TAMS 0x0000000087a00000, 0x0000000087a00000| Complete 
| 123|0x0000000087b00000, 0x0000000087c00000, 0x0000000087c00000|100%| E|CS|TAMS 0x0000000087b00000, 0x0000000087b00000| Complete 
| 124|0x0000000087c00000, 0x0000000087d00000, 0x0000000087d00000|100%| E|CS|TAMS 0x0000000087c00000, 0x0000000087c00000| Complete 
| 125|0x0000000087d00000, 0x0000000087e00000, 0x0000000087e00000|100%| E|CS|TAMS 0x0000000087d00000, 0x0000000087d00000| Complete 

Card table byte_map: [0x0000024c3f990000,0x0000024c3fd90000] _byte_map_base: 0x0000024c3f590000

Marking Bits (Prev, Next): (CMBitMap*) 0x0000024c27ad7710, (CMBitMap*) 0x0000024c27ad76d8
 Prev Bits: [0x0000024c42190000, 0x0000024c44190000)
 Next Bits: [0x0000024c40190000, 0x0000024c42190000)

Polling page: 0x0000024c260e0000

Metaspace:

Usage:
  Non-class:     79.11 MB capacity,    77.63 MB ( 98%) used,     1.22 MB (  2%) free+waste,   256.63 KB ( <1%) overhead. 
      Class:     12.24 MB capacity,    11.38 MB ( 93%) used,   769.12 KB (  6%) free+waste,   115.25 KB ( <1%) overhead. 
       Both:     91.35 MB capacity,    89.01 MB ( 97%) used,     1.98 MB (  2%) free+waste,   371.88 KB ( <1%) overhead. 

Virtual space:
  Non-class space:       80.00 MB reserved,      79.12 MB ( 99%) committed 
      Class space:        1.00 GB reserved,      12.25 MB (  1%) committed 
             Both:        1.08 GB reserved,      91.37 MB (  8%) committed 

Chunk freelists:
   Non-Class:  1.50 KB
       Class:  1.00 KB
        Both:  2.50 KB

CodeHeap 'non-profiled nmethods': size=120064Kb used=7425Kb max_used=7425Kb free=112638Kb
 bounds [0x0000024c37a20000, 0x0000024c38170000, 0x0000024c3ef60000]
CodeHeap 'profiled nmethods': size=120000Kb used=24731Kb max_used=24731Kb free=95268Kb
 bounds [0x0000024c304f0000, 0x0000024c31d20000, 0x0000024c37a20000]
CodeHeap 'non-nmethods': size=5696Kb used=2303Kb max_used=2341Kb free=3393Kb
 bounds [0x0000024c2ff60000, 0x0000024c301d0000, 0x0000024c304f0000]
 total_blobs=12324 nmethods=11413 adapters=822
 compilation: enabled
              stopped_count=0, restarted_count=0
 full_count=0

Compilation events (10 events):
Event: 281.780 Thread 0x0000024c467ed800 11515       3       com.google.common.collect.EnumMultiset::add (102 bytes)
Event: 281.782 Thread 0x0000024c467ed800 nmethod 11515 0x0000024c31d02490 code [0x0000024c31d026e0, 0x0000024c31d02f58]
Event: 281.782 Thread 0x0000024c467ed800 11521       3       org.gradle.internal.watch.vfs.impl.DefaultFileSystemWatchingStatistics$$Lambda$1028/0x0000000100c36c40::<init> (10 bytes)
Event: 281.782 Thread 0x0000024c467ed800 nmethod 11521 0x0000024c31d03310 code [0x0000024c31d034c0, 0x0000024c31d03678]
Event: 281.782 Thread 0x0000024c467ed800 11518       3       org.gradle.internal.watch.vfs.impl.DefaultFileSystemWatchingStatistics$$Lambda$1027/0x0000000100c36840::visitSnapshotRoot (9 bytes)
Event: 281.783 Thread 0x0000024c467ed800 nmethod 11518 0x0000024c31d03710 code [0x0000024c31d03900, 0x0000024c31d03f08]
Event: 281.783 Thread 0x0000024c467ed800 11519       3       org.gradle.internal.watch.vfs.impl.DefaultFileSystemWatchingStatistics::lambda$getStatistics$1 (14 bytes)
Event: 281.784 Thread 0x0000024c467ed800 nmethod 11519 0x0000024c31d04110 code [0x0000024c31d04300, 0x0000024c31d048a8]
Event: 281.784 Thread 0x0000024c467ed800 11520       3       org.gradle.internal.watch.vfs.impl.DefaultFileSystemWatchingStatistics$$Lambda$1028/0x0000000100c36c40::get$Lambda (9 bytes)
Event: 281.785 Thread 0x0000024c467ed800 nmethod 11520 0x0000024c31d04a90 code [0x0000024c31d04c40, 0x0000024c31d04e98]

GC Heap History (10 events):
Event: 197.548 GC heap before
{Heap before GC invocations=41 (full 0):
 garbage-first heap   total 129024K, used 98038K [0x0000000080000000, 0x0000000100000000)
  region size 1024K, 24 young (24576K), 1 survivors (1024K)
 Metaspace       used 87613K, capacity 89910K, committed 90108K, reserved 1128448K
  class space    used 11215K, capacity 12057K, committed 12160K, reserved 1048576K
}
Event: 197.565 GC heap after
{Heap after GC invocations=42 (full 0):
 garbage-first heap   total 129024K, used 77888K [0x0000000080000000, 0x0000000100000000)
  region size 1024K, 3 young (3072K), 3 survivors (3072K)
 Metaspace       used 87613K, capacity 89910K, committed 90108K, reserved 1128448K
  class space    used 11215K, capacity 12057K, committed 12160K, reserved 1048576K
}
Event: 262.682 GC heap before
{Heap before GC invocations=43 (full 0):
 garbage-first heap   total 129024K, used 101440K [0x0000000080000000, 0x0000000100000000)
  region size 1024K, 26 young (26624K), 3 survivors (3072K)
 Metaspace       used 88385K, capacity 90667K, committed 90876K, reserved 1128448K
  class space    used 11304K, capacity 12141K, committed 12160K, reserved 1048576K
}
Event: 262.713 GC heap after
{Heap after GC invocations=44 (full 0):
 garbage-first heap   total 129024K, used 81970K [0x0000000080000000, 0x0000000100000000)
  region size 1024K, 4 young (4096K), 4 survivors (4096K)
 Metaspace       used 88385K, capacity 90667K, committed 90876K, reserved 1128448K
  class space    used 11304K, capacity 12141K, committed 12160K, reserved 1048576K
}
Event: 267.155 GC heap before
{Heap before GC invocations=44 (full 0):
 garbage-first heap   total 129024K, used 102450K [0x0000000080000000, 0x0000000100000000)
  region size 1024K, 25 young (25600K), 4 survivors (4096K)
 Metaspace       used 88716K, capacity 91025K, committed 91260K, reserved 1128448K
  class space    used 11326K, capacity 12175K, committed 12288K, reserved 1048576K
}
Event: 267.167 GC heap after
{Heap after GC invocations=45 (full 0):
 garbage-first heap   total 129024K, used 81439K [0x0000000080000000, 0x0000000100000000)
  region size 1024K, 1 young (1024K), 1 survivors (1024K)
 Metaspace       used 88716K, capacity 91025K, committed 91260K, reserved 1128448K
  class space    used 11326K, capacity 12175K, committed 12288K, reserved 1048576K
}
Event: 275.576 GC heap before
{Heap before GC invocations=46 (full 0):
 garbage-first heap   total 129024K, used 102943K [0x0000000080000000, 0x0000000100000000)
  region size 1024K, 23 young (23552K), 1 survivors (1024K)
 Metaspace       used 90252K, capacity 92536K, committed 92668K, reserved 1130496K
  class space    used 11520K, capacity 12394K, committed 12416K, reserved 1048576K
}
Event: 275.587 GC heap after
{Heap after GC invocations=47 (full 0):
 garbage-first heap   total 129024K, used 82282K [0x0000000080000000, 0x0000000100000000)
  region size 1024K, 2 young (2048K), 2 survivors (2048K)
 Metaspace       used 90252K, capacity 92536K, committed 92668K, reserved 1130496K
  class space    used 11520K, capacity 12394K, committed 12416K, reserved 1048576K
}
Event: 277.657 GC heap before
{Heap before GC invocations=47 (full 0):
 garbage-first heap   total 129024K, used 86378K [0x0000000080000000, 0x0000000100000000)
  region size 1024K, 6 young (6144K), 2 survivors (2048K)
 Metaspace       used 90613K, capacity 92926K, committed 93052K, reserved 1130496K
  class space    used 11569K, capacity 12439K, committed 12544K, reserved 1048576K
}
Event: 277.668 GC heap after
{Heap after GC invocations=48 (full 0):
 garbage-first heap   total 129024K, used 82093K [0x0000000080000000, 0x0000000100000000)
  region size 1024K, 1 young (1024K), 1 survivors (1024K)
 Metaspace       used 90613K, capacity 92926K, committed 93052K, reserved 1130496K
  class space    used 11569K, capacity 12439K, committed 12544K, reserved 1048576K
}

Deoptimization events (10 events):
Event: 277.853 Thread 0x0000024c50093800 Uncommon trap: reason=class_check action=maybe_recompile pc=0x0000024c37e078d4 method=java.lang.ThreadLocal.setInitialValue()Ljava/lang/Object; @ 31 c2
Event: 278.039 Thread 0x0000024c50091800 Uncommon trap: reason=class_check action=maybe_recompile pc=0x0000024c37e078d4 method=java.lang.ThreadLocal.setInitialValue()Ljava/lang/Object; @ 31 c2
Event: 278.753 Thread 0x0000024c5008b800 Uncommon trap: reason=unstable_if action=reinterpret pc=0x0000024c380c33a8 method=java.util.HashMap$HashMapSpliterator.getFence()I @ 37 c2
Event: 278.754 Thread 0x0000024c5008b800 Uncommon trap: reason=unstable_if action=reinterpret pc=0x0000024c37e94b1c method=java.util.HashMap$HashMapSpliterator.getFence()I @ 37 c2
Event: 281.171 Thread 0x0000024c48c85800 Uncommon trap: reason=unstable_if action=reinterpret pc=0x0000024c37e16dd0 method=org.gradle.internal.util.Trie.find(Ljava/lang/CharSequence;)Z @ 91 c2
Event: 281.232 Thread 0x0000024c5008d000 Uncommon trap: reason=unstable_if action=reinterpret pc=0x0000024c37d48710 method=java.util.concurrent.locks.AbstractQueuedSynchronizer$ConditionObject.checkInterruptWhileWaiting(Ljava/util/concurrent/locks/AbstractQueuedSynchronizer$Node;)I @ 3 c2
Event: 281.235 Thread 0x0000024c5008f800 Uncommon trap: reason=unstable_if action=reinterpret pc=0x0000024c37a98fc8 method=java.io.BufferedReader.readLine(Z)Ljava/lang/String; @ 192 c2
Event: 281.744 Thread 0x0000024c48c85800 Uncommon trap: reason=unstable_if action=reinterpret pc=0x0000024c3809c1a0 method=org.gradle.internal.snapshot.VfsRelativePath.normalizeRoot(Ljava/lang/String;)Ljava/lang/String; @ 24 c2
Event: 281.745 Thread 0x0000024c48c85800 Uncommon trap: reason=unstable_if action=reinterpret pc=0x0000024c3803b7c0 method=org.gradle.internal.snapshot.VfsRelativePath.normalizeRoot(Ljava/lang/String;)Ljava/lang/String; @ 24 c2
Event: 281.745 Thread 0x0000024c48c85800 Uncommon trap: reason=unstable_if action=reinterpret pc=0x0000024c38053144 method=org.gradle.internal.snapshot.VfsRelativePath.compareToFirstSegment(Ljava/lang/String;Lorg/gradle/internal/snapshot/CaseSensitivity;)I @ 156 c2

Classes redefined (0 events):
No events

Internal exceptions (10 events):
Event: 273.766 Thread 0x0000024c5008b800 Exception <a 'sun/nio/fs/WindowsException'{0x0000000086ff7b00}> (0x0000000086ff7b00) thrown at [./open/src/hotspot/share/prims/jni.cpp, line 611]
Event: 273.975 Thread 0x0000024c5008b800 Implicit null exception at 0x0000024c37b47eb0 to 0x0000024c37b4cfe8
Event: 274.573 Thread 0x0000024c5008b800 Exception <a 'java/lang/NoSuchMethodError'{0x0000000086eb7868}: java.lang.invoke.DirectMethodHandle$Holder.invokeStatic(Ljava/lang/Object;Ljava/lang/Object;Ljava/lang/Object;Ljava/lang/Object;Ljava/lang/Object;ILjava/lang/Object;)Ljava/lang/Object;> (0x00
Event: 274.843 Thread 0x0000024c5008b800 Exception <a 'java/lang/NoSuchMethodError'{0x0000000086ac3540}: java.lang.invoke.DirectMethodHandle$Holder.invokeStatic(Ljava/lang/Object;Ljava/lang/Object;Ljava/lang/Object;Ljava/lang/Object;Ljava/lang/Object;Ljava/lang/Object;Ljava/lang/Object;I)Ljava/l
Event: 274.844 Thread 0x0000024c5008b800 Exception <a 'java/lang/NoSuchMethodError'{0x0000000086ac7be8}: java.lang.invoke.DirectMethodHandle$Holder.invokeSpecial(Ljava/lang/Object;Ljava/lang/Object;Ljava/lang/Object;Ljava/lang/Object;Ljava/lang/Object;Ljava/lang/Object;Ljava/lang/Object;Ljava/la
Event: 274.844 Thread 0x0000024c5008b800 Exception <a 'java/lang/NoSuchMethodError'{0x0000000086acbbf0}: java.lang.invoke.Invokers$Holder.linkToTargetMethod(Ljava/lang/Object;Ljava/lang/Object;Ljava/lang/Object;Ljava/lang/Object;Ljava/lang/Object;Ljava/lang/Object;ILjava/lang/Object;)Ljava/lang/
Event: 278.753 Thread 0x0000024c5008b800 Implicit null exception at 0x0000024c380c336d to 0x0000024c380c3398
Event: 278.754 Thread 0x0000024c5008b800 Implicit null exception at 0x0000024c37e94aeb to 0x0000024c37e94b0c
Event: 281.554 Thread 0x0000024c48c85800 Exception <a 'java/lang/NoSuchMethodError'{0x0000000087ab0cf0}: java.lang.invoke.DirectMethodHandle$Holder.invokeSpecial(Ljava/lang/Object;Ljava/lang/Object;Ljava/lang/Object;Ljava/lang/Object;ILjava/lang/Object;Ljava/lang/Object;)Ljava/lang/Object;> (0x0
Event: 281.564 Thread 0x0000024c48c85800 Exception <a 'java/lang/NoSuchMethodError'{0x0000000087af8738}: java.lang.invoke.DirectMethodHandle$Holder.invokeVirtual(Ljava/lang/Object;Ljava/lang/Object;Ljava/lang/Object;)I> (0x0000000087af8738) thrown at [./open/src/hotspot/share/interpreter/linkRes

Events (10 events):
Event: 281.772 loading class com/google/common/collect/EnumMultiset
Event: 281.772 loading class com/google/common/collect/EnumMultiset done
Event: 281.784 loading class org/gradle/internal/watch/vfs/impl/DefaultFileSystemWatchingStatistics$VirtualFileSystemStatistics
Event: 281.784 loading class org/gradle/internal/watch/vfs/impl/DefaultFileSystemWatchingStatistics$VirtualFileSystemStatistics done
Event: 281.785 loading class org/gradle/internal/watch/vfs/impl/WatchingVirtualFileSystem$2$1
Event: 281.785 loading class org/gradle/internal/watch/vfs/impl/WatchingVirtualFileSystem$2$1 done
Event: 281.786 loading class org/gradle/internal/watch/vfs/BuildFinishedFileSystemWatchingBuildOperationType$Result
Event: 281.786 loading class org/gradle/internal/watch/vfs/BuildFinishedFileSystemWatchingBuildOperationType$Result done
Event: 281.787 loading class org/gradle/tooling/internal/provider/serialization/SerializedPayload
Event: 281.787 loading class org/gradle/tooling/internal/provider/serialization/SerializedPayload done


Dynamic libraries:
0x00007ff67f8a0000 - 0x00007ff67f8af000 	C:\Program Files\Java\jdk-11.0.12\bin\java.exe
0x00007ffe86150000 - 0x00007ffe86348000 	C:\Windows\SYSTEM32\ntdll.dll
0x00007ffe84b20000 - 0x00007ffe84bdd000 	C:\Windows\System32\KERNEL32.DLL
0x00007ffe83870000 - 0x00007ffe83b3e000 	C:\Windows\System32\KERNELBASE.dll
0x00007ffe85200000 - 0x00007ffe852ae000 	C:\Windows\System32\ADVAPI32.DLL
0x00007ffe84cf0000 - 0x00007ffe84d8e000 	C:\Windows\System32\msvcrt.dll
0x00007ffe845b0000 - 0x00007ffe8464c000 	C:\Windows\System32\sechost.dll
0x00007ffe849f0000 - 0x00007ffe84b15000 	C:\Windows\System32\RPCRT4.dll
0x00007ffe83ff0000 - 0x00007ffe840f0000 	C:\Windows\System32\ucrtbase.dll
0x00007ffe77ee0000 - 0x00007ffe77ef8000 	C:\Program Files\Java\jdk-11.0.12\bin\jli.dll
0x00007ffe85700000 - 0x00007ffe858a0000 	C:\Windows\System32\USER32.dll
0x00007ffe83e30000 - 0x00007ffe83e52000 	C:\Windows\System32\win32u.dll
0x00007ffe84be0000 - 0x00007ffe84c0a000 	C:\Windows\System32\GDI32.dll
0x00007ffe83d20000 - 0x00007ffe83e2b000 	C:\Windows\System32\gdi32full.dll
0x00007ffe83b40000 - 0x00007ffe83bdd000 	C:\Windows\System32\msvcp_win.dll
0x00007ffe76220000 - 0x00007ffe76235000 	C:\Program Files\Java\jdk-11.0.12\bin\VCRUNTIME140.dll
0x00007ffe6b5e0000 - 0x00007ffe6b87a000 	C:\Windows\WinSxS\amd64_microsoft.windows.common-controls_6595b64144ccf1df_6.0.19041.1110_none_60b5254171f9507e\COMCTL32.dll
0x00007ffe7dda0000 - 0x00007ffe7ddaa000 	C:\Windows\SYSTEM32\VERSION.dll
0x00007ffe848f0000 - 0x00007ffe84920000 	C:\Windows\System32\IMM32.DLL
0x00007ffe4c800000 - 0x00007ffe4c89b000 	C:\Program Files\Java\jdk-11.0.12\bin\msvcp140.dll
0x00007ffe3e320000 - 0x00007ffe3ee1f000 	C:\Program Files\Java\jdk-11.0.12\bin\server\jvm.dll
0x00007ffe85610000 - 0x00007ffe85618000 	C:\Windows\System32\PSAPI.DLL
0x00007ffe7ff90000 - 0x00007ffe7ff99000 	C:\Windows\SYSTEM32\WSOCK32.dll
0x00007ffe858a0000 - 0x00007ffe8590b000 	C:\Windows\System32\WS2_32.dll
0x00007ffe70790000 - 0x00007ffe707b7000 	C:\Windows\SYSTEM32\WINMM.dll
0x00007ffe82280000 - 0x00007ffe82292000 	C:\Windows\SYSTEM32\kernel.appcore.dll
0x00007ffe7d830000 - 0x00007ffe7d840000 	C:\Program Files\Java\jdk-11.0.12\bin\verify.dll
0x00007ffe73ba0000 - 0x00007ffe73d84000 	C:\Windows\SYSTEM32\DBGHELP.DLL
0x00007ffe702e0000 - 0x00007ffe7030c000 	C:\Windows\SYSTEM32\dbgcore.DLL
0x00007ffe83c90000 - 0x00007ffe83d12000 	C:\Windows\System32\bcryptPrimitives.dll
0x00007ffe738b0000 - 0x00007ffe738d8000 	C:\Program Files\Java\jdk-11.0.12\bin\java.dll
0x00007ffe77dd0000 - 0x00007ffe77dda000 	C:\Program Files\Java\jdk-11.0.12\bin\jimage.dll
0x00007ffe72be0000 - 0x00007ffe72bf6000 	C:\Program Files\Java\jdk-11.0.12\bin\zip.dll
0x00007ffe85910000 - 0x00007ffe86053000 	C:\Windows\System32\SHELL32.dll
0x00007ffe816e0000 - 0x00007ffe81e75000 	C:\Windows\SYSTEM32\windows.storage.dll
0x00007ffe852b0000 - 0x00007ffe85604000 	C:\Windows\System32\combase.dll
0x00007ffe83200000 - 0x00007ffe83230000 	C:\Windows\SYSTEM32\Wldp.dll
0x00007ffe86060000 - 0x00007ffe8610d000 	C:\Windows\System32\SHCORE.dll
0x00007ffe85640000 - 0x00007ffe85695000 	C:\Windows\System32\shlwapi.dll
0x00007ffe837b0000 - 0x00007ffe837cf000 	C:\Windows\SYSTEM32\profapi.dll
0x00007ffe72ad0000 - 0x00007ffe72ae9000 	C:\Program Files\Java\jdk-11.0.12\bin\net.dll
0x00007ffe82860000 - 0x00007ffe8296a000 	C:\Windows\SYSTEM32\WINHTTP.dll
0x00007ffe82f60000 - 0x00007ffe82fca000 	C:\Windows\system32\mswsock.dll
0x00007ffe6fbb0000 - 0x00007ffe6fbc2000 	C:\Program Files\Java\jdk-11.0.12\bin\nio.dll
0x00007ffe77f00000 - 0x00007ffe77f27000 	D:\AndroidWorkFolder\.gradle\native\8bec1ad78214c89d9ad589b4d07fe93259594b29d510b10fafb7a158f7737e5d\windows-amd64\native-platform.dll
0x00007ffe52850000 - 0x00007ffe5298d000 	D:\AndroidWorkFolder\.gradle\native\53dbd7edfb1c66fb8903c78663c9afc45aea4f116125fa6feffd364cf09443e8\windows-amd64\native-platform-file-events.dll
0x00007ffe79cb0000 - 0x00007ffe79cb9000 	C:\Program Files\Java\jdk-11.0.12\bin\management.dll
0x00007ffe79ca0000 - 0x00007ffe79cab000 	C:\Program Files\Java\jdk-11.0.12\bin\management_ext.dll
0x00007ffe83160000 - 0x00007ffe83178000 	C:\Windows\SYSTEM32\CRYPTSP.dll
0x00007ffe827d0000 - 0x00007ffe82804000 	C:\Windows\system32\rsaenh.dll
0x00007ffe83e60000 - 0x00007ffe83e87000 	C:\Windows\System32\bcrypt.dll
0x00007ffe836c0000 - 0x00007ffe836ee000 	C:\Windows\SYSTEM32\USERENV.dll
0x00007ffe83150000 - 0x00007ffe8315c000 	C:\Windows\SYSTEM32\CRYPTBASE.dll
0x00007ffe82c50000 - 0x00007ffe82c8b000 	C:\Windows\SYSTEM32\IPHLPAPI.DLL
0x00007ffe84770000 - 0x00007ffe84778000 	C:\Windows\System32\NSI.dll
0x00007ffe7e760000 - 0x00007ffe7e777000 	C:\Windows\SYSTEM32\dhcpcsvc6.DLL
0x00007ffe7e3b0000 - 0x00007ffe7e3cd000 	C:\Windows\SYSTEM32\dhcpcsvc.DLL
0x00007ffe82c90000 - 0x00007ffe82d5a000 	C:\Windows\SYSTEM32\DNSAPI.dll
0x00007ffe77600000 - 0x00007ffe77625000 	C:\Program Files\Java\jdk-11.0.12\bin\sunec.dll

dbghelp: loaded successfully - version: 4.0.5 - missing functions: none
symbol engine: initialized successfully - sym options: 0x614 - pdb path: .;C:\Program Files\Java\jdk-11.0.12\bin;C:\Windows\SYSTEM32;C:\Windows\WinSxS\amd64_microsoft.windows.common-controls_6595b64144ccf1df_6.0.19041.1110_none_60b5254171f9507e;C:\Program Files\Java\jdk-11.0.12\bin\server;D:\AndroidWorkFolder\.gradle\native\8bec1ad78214c89d9ad589b4d07fe93259594b29d510b10fafb7a158f7737e5d\windows-amd64;D:\AndroidWorkFolder\.gradle\native\53dbd7edfb1c66fb8903c78663c9afc45aea4f116125fa6feffd364cf09443e8\windows-amd64

VM Arguments:
jvm_args: --add-opens=java.base/java.util=ALL-UNNAMED --add-opens=java.base/java.lang=ALL-UNNAMED --add-opens=java.base/java.lang.invoke=ALL-UNNAMED --add-opens=java.base/java.util=ALL-UNNAMED --add-opens=java.prefs/java.util.prefs=ALL-UNNAMED --add-opens=java.prefs/java.util.prefs=ALL-UNNAMED --add-opens=java.base/java.nio.charset=ALL-UNNAMED --add-opens=java.base/java.net=ALL-UNNAMED --add-opens=java.base/java.util.concurrent.atomic=ALL-UNNAMED -Xmx2048m -Dfile.encoding=UTF-8 -Duser.country=BR -Duser.language=pt -Duser.variant 
java_command: org.gradle.launcher.daemon.bootstrap.GradleDaemon 7.0.2
java_class_path (initial): D:\AndroidWorkFolder\.gradle\wrapper\dists\gradle-7.0.2-bin\857tjihv64xamwrf0h14cai3r\gradle-7.0.2\lib\gradle-launcher-7.0.2.jar
Launcher Type: SUN_STANDARD

[Global flags]
     intx CICompilerCount                          = 3                                         {product} {ergonomic}
     uint ConcGCThreads                            = 1                                         {product} {ergonomic}
     uint G1ConcRefinementThreads                  = 4                                         {product} {ergonomic}
   size_t G1HeapRegionSize                         = 1048576                                   {product} {ergonomic}
    uintx GCDrainStackTargetSize                   = 64                                        {product} {ergonomic}
   size_t InitialHeapSize                          = 132120576                                 {product} {ergonomic}
   size_t MarkStackSize                            = 4194304                                   {product} {ergonomic}
   size_t MaxHeapSize                              = 2147483648                                {product} {command line}
   size_t MaxNewSize                               = 1287651328                                {product} {ergonomic}
   size_t MinHeapDeltaBytes                        = 1048576                                   {product} {ergonomic}
    uintx NonNMethodCodeHeapSize                   = 5830732                                {pd product} {ergonomic}
    uintx NonProfiledCodeHeapSize                  = 122913754                              {pd product} {ergonomic}
    uintx ProfiledCodeHeapSize                     = 122913754                              {pd product} {ergonomic}
    uintx ReservedCodeCacheSize                    = 251658240                              {pd product} {ergonomic}
     bool SegmentedCodeCache                       = true                                      {product} {ergonomic}
     bool UseCompressedClassPointers               = true                                 {lp64_product} {ergonomic}
     bool UseCompressedOops                        = true                                 {lp64_product} {ergonomic}
     bool UseG1GC                                  = true                                      {product} {ergonomic}
     bool UseLargePagesIndividualAllocation        = false                                  {pd product} {ergonomic}

Logging:
Log output configuration:
 #0: stdout all=warning uptime,level,tags
 #1: stderr all=off uptime,level,tags

Environment Variables:
JAVA_HOME=C:\Program Files\Java\jdk-11.0.12
PATH=C:\Windows\system32;C:\Windows;C:\Windows\System32\Wbem;C:\Windows\System32\WindowsPowerShell\v1.0\;C:\Windows\System32\OpenSSH\;C:\Program Files (x86)\Brackets\command;D:\maven\apache-maven-3.6.2\bin;C:\Program Files\Microsoft SQL Server\130\Tools\Binn\;C:\Program Files\Microsoft SQL Server\Client SDK\ODBC\170\Tools\Binn\;C:\Program Files (x86)\Microsoft SQL Server\150\Tools\Binn\;C:\Program Files\Microsoft SQL Server\150\Tools\Binn\;C:\Program Files\Microsoft SQL Server\150\DTS\Binn\;C:\Program Files (x86)\Microsoft SQL Server\150\DTS\Binn\;C:\Program Files\Azure Data Studio\bin;C:\Program Files\Git\cmd;C:\ProgramData\UNIVALI\Portugol Studio;C:\Program Files\nodejs\;C:\Program Files (x86)\Dev-Cpp\MinGW64\bin\;C:\Program Files\Java\jdk-11.0.12\bin;C:\Program Files\dotnet\;;C:\Program Files\Microsoft VS Code\bin;C:\Users\Felipe_082932\AppData\Local\Microsoft\WindowsApps;
USERNAME=Felipe_082932
OS=Windows_NT
PROCESSOR_IDENTIFIER=Intel64 Family 6 Model 158 Stepping 11, GenuineIntel



---------------  S Y S T E M  ---------------

OS: Windows 10 , 64 bit Build 19041 (10.0.19041.1889)

CPU:total 4 (initial active 4) (4 cores per cpu, 1 threads per core) family 6 model 158 stepping 11 microcode 0xec, cmov, cx8, fxsr, mmx, sse, sse2, sse3, ssse3, sse4.1, sse4.2, popcnt, avx, avx2, aes, clmul, erms, 3dnowpref, lzcnt, tsc, tscinvbit, bmi1, bmi2, adx, fma

Memory: 4k page, system-wide physical 8015M (281M free)
TotalPageFile size 9295M (AvailPageFile size 1154M)
current process WorkingSet (physical memory assigned to process): 361M, peak: 363M
current process commit charge ("private bytes"): 399M, peak: 401M

vm_info: Java HotSpot(TM) 64-Bit Server VM (11.0.12+8-LTS-237) for windows-amd64 JRE (11.0.12+8-LTS-237), built on Jun  8 2021 11:25:59 by "mach5one" with MS VC++ 15.9 (VS2017)

END.
